<?xml version="1.0" encoding="UTF-8"?>
<!-- Generated by org.testng.reporters.JUnitReportReporter -->
<testsuite skipped="0" hostname="nilesh-HP" name="com.crm.qa.testcases.HomePageTest" tests="3" failures="0" timestamp="03 Jul 2018 06:18:12 GMT" time="101.454" errors="0">
  <testcase name="verifyHomePageTitleTest" time="32.438" classname="com.crm.qa.testcases.HomePageTest"/>
  <testcase name="verifyUserNameTest" time="29.852" classname="com.crm.qa.testcases.HomePageTest"/>
  <testcase name="verifyContactsLinkTest" time="39.164" classname="com.crm.qa.testcases.HomePageTest"/>
</testsuite> <!-- com.crm.qa.testcases.HomePageTest -->
